<?xml version="1.0" encoding="UTF-8"?>
<!-- Generated by org.testng.reporters.JUnitReportReporter -->
<testsuite hostname="DESKTOP-T1CFI85" failures="0" tests="1" name="tests.HomePageTest" time="19.944" errors="0" timestamp="2019-11-20T10:01:32 CST" skipped="0">
  <testcase classname="tests.HomePageTest" name="checkViewCaption" time="19.944"/>
</testsuite> <!-- tests.HomePageTest -->
