<?xml version="1.0" encoding="UTF-8"?>
<!-- Generated by org.testng.reporters.JUnitReportReporter -->
<testsuite hostname="DESKTOP-T1CFI85" failures="0" tests="2" name="tests.ProductDetailPageTest" time="0.502" errors="0" timestamp="2019-11-20T10:01:32 CST" skipped="0">
  <testcase classname="tests.ProductDetailPageTest" name="colorChange" time="0.475"/>
  <testcase classname="tests.ProductDetailPageTest" name="goToPDP" time="0.027"/>
</testsuite> <!-- tests.ProductDetailPageTest -->
